This file contains any messages produced by compilers while
running configure, to aid debugging if configure makes a mistake.

It was created by Apertium Belize Kriol English configure 0.1.0, which was
generated by GNU Autoconf 2.71.  Invocation command line was

  $ ./configure

## --------- ##
## Platform. ##
## --------- ##

hostname = ponyta
uname -m = x86_64
uname -r = 6.8.0-57-generic
uname -s = Linux
uname -v = #59-Ubuntu SMP PREEMPT_DYNAMIC Sat Mar 15 17:40:59 UTC 2025

/usr/bin/uname -p = x86_64
/bin/uname -X     = unknown

/bin/arch              = x86_64
/usr/bin/arch -k       = unknown
/usr/convex/getsysinfo = unknown
/usr/bin/hostinfo      = unknown
/bin/machine           = unknown
/usr/bin/oslevel       = unknown
/bin/universe          = unknown

PATH: /home/lpark4/bin/
PATH: /usr/swat/bin/
PATH: /usr/local/bin/
PATH: /bin/
PATH: /sbin/
PATH: /usr/bin/
PATH: /usr/sbin/
PATH: /usr/X11R6/bin/
PATH: /usr/local/bin/


## ----------- ##
## Core tests. ##
## ----------- ##

configure:1784: looking for aux files: missing install-sh
configure:1797:  trying ./
configure:1826:   ./missing found
configure:1808:   ./install-sh found
configure:1955: checking for a BSD-compatible install
configure:2028: result: /bin/install -c
configure:2039: checking whether build environment is sane
configure:2094: result: yes
configure:2253: checking for a race-free mkdir -p
configure:2297: result: /bin/mkdir -p
configure:2304: checking for gawk
configure:2325: found /bin/gawk
configure:2336: result: gawk
configure:2347: checking whether make sets $(MAKE)
configure:2370: result: yes
configure:2400: checking whether make supports nested variables
configure:2418: result: yes
configure:2558: checking for gawk
configure:2590: result: gawk
configure:2661: checking for pkg-config
configure:2684: found /bin/pkg-config
configure:2696: result: /bin/pkg-config
configure:2721: checking pkg-config is at least version 0.9.0
configure:2724: result: yes
configure:2734: checking for lttoolbox >= 3.7.4
configure:2741: $PKG_CONFIG --exists --print-errors "lttoolbox >= 3.7.4"
configure:2744: $? = 0
configure:2758: $PKG_CONFIG --exists --print-errors "lttoolbox >= 3.7.4"
configure:2761: $? = 0
configure:2819: result: yes
configure:2825: checking for apertium >= 3.9.0
configure:2832: $PKG_CONFIG --exists --print-errors "apertium >= 3.9.0"
configure:2835: $? = 0
configure:2849: $PKG_CONFIG --exists --print-errors "apertium >= 3.9.0"
configure:2852: $? = 0
configure:2910: result: yes
configure:2916: checking for hfst >= 3.16.0
configure:2923: $PKG_CONFIG --exists --print-errors "hfst >= 3.16.0"
configure:2926: $? = 0
configure:2940: $PKG_CONFIG --exists --print-errors "hfst >= 3.16.0"
configure:2943: $? = 0
configure:3001: result: yes
configure:3007: checking for cg3 >= 1.4.0
configure:3014: $PKG_CONFIG --exists --print-errors "cg3 >= 1.4.0"
configure:3017: $? = 0
configure:3031: $PKG_CONFIG --exists --print-errors "cg3 >= 1.4.0"
configure:3034: $? = 0
configure:3092: result: yes
configure:3098: checking for lexd >= 1.3.0
configure:3105: $PKG_CONFIG --exists --print-errors "lexd >= 1.3.0"
configure:3108: $? = 0
configure:3122: $PKG_CONFIG --exists --print-errors "lexd >= 1.3.0"
configure:3125: $? = 0
configure:3183: result: yes
configure:3298: checking for apertium-regtest >= 0.9.1
configure:3305: $PKG_CONFIG --exists --print-errors "apertium-regtest >= 0.9.1"
configure:3308: $? = 0
configure:3322: $PKG_CONFIG --exists --print-errors "apertium-regtest >= 0.9.1"
configure:3325: $? = 0
configure:3365: result: yes
configure:3602: checking that generated files are newer than configure
configure:3608: result: done
configure:3624: creating ./config.status

## ---------------------- ##
## Running config.status. ##
## ---------------------- ##

This file was extended by Apertium Belize Kriol English config.status 0.1.0, which was
generated by GNU Autoconf 2.71.  Invocation command line was

  CONFIG_FILES    = 
  CONFIG_HEADERS  = 
  CONFIG_LINKS    = 
  CONFIG_COMMANDS = 
  $ ./config.status 

on ponyta

config.status:789: creating Makefile
config.status:789: creating apertium-bzj.pc

## ---------------- ##
## Cache variables. ##
## ---------------- ##

ac_cv_env_APERTIUM_CFLAGS_set=
ac_cv_env_APERTIUM_CFLAGS_value=
ac_cv_env_APERTIUM_LIBS_set=
ac_cv_env_APERTIUM_LIBS_value=
ac_cv_env_CG3_CFLAGS_set=
ac_cv_env_CG3_CFLAGS_value=
ac_cv_env_CG3_LIBS_set=
ac_cv_env_CG3_LIBS_value=
ac_cv_env_HFSTOSPELL_CFLAGS_set=
ac_cv_env_HFSTOSPELL_CFLAGS_value=
ac_cv_env_HFSTOSPELL_LIBS_set=
ac_cv_env_HFSTOSPELL_LIBS_value=
ac_cv_env_HFST_CFLAGS_set=
ac_cv_env_HFST_CFLAGS_value=
ac_cv_env_HFST_LIBS_set=
ac_cv_env_HFST_LIBS_value=
ac_cv_env_LEXD_CFLAGS_set=
ac_cv_env_LEXD_CFLAGS_value=
ac_cv_env_LEXD_LIBS_set=
ac_cv_env_LEXD_LIBS_value=
ac_cv_env_LTTOOLBOX_CFLAGS_set=
ac_cv_env_LTTOOLBOX_CFLAGS_value=
ac_cv_env_LTTOOLBOX_LIBS_set=
ac_cv_env_LTTOOLBOX_LIBS_value=
ac_cv_env_PKG_CONFIG_LIBDIR_set=
ac_cv_env_PKG_CONFIG_LIBDIR_value=
ac_cv_env_PKG_CONFIG_PATH_set=set
ac_cv_env_PKG_CONFIG_PATH_value=:/usr/local/share/pkgconfig:/usr/local/lib/pkgconfig
ac_cv_env_PKG_CONFIG_set=
ac_cv_env_PKG_CONFIG_value=
ac_cv_env_REGTEST_CFLAGS_set=
ac_cv_env_REGTEST_CFLAGS_value=
ac_cv_env_REGTEST_LIBS_set=
ac_cv_env_REGTEST_LIBS_value=
ac_cv_env_build_alias_set=
ac_cv_env_build_alias_value=
ac_cv_env_host_alias_set=
ac_cv_env_host_alias_value=
ac_cv_env_target_alias_set=
ac_cv_env_target_alias_value=
ac_cv_path_ac_pt_PKG_CONFIG=/bin/pkg-config
ac_cv_path_install='/bin/install -c'
ac_cv_path_mkdir=/bin/mkdir
ac_cv_prog_AWK=gawk
ac_cv_prog_make_make_set=yes
am_cv_make_support_nested_variables=yes
pkg_cv_APERTIUM_CFLAGS=
pkg_cv_APERTIUM_LIBS='-lapertium '
pkg_cv_CG3_CFLAGS='-I/usr/include/ '
pkg_cv_CG3_LIBS='-lcg3 '
pkg_cv_HFST_CFLAGS='-I/usr/include/hfst/ '
pkg_cv_HFST_LIBS='-lhfst '
pkg_cv_LEXD_CFLAGS=
pkg_cv_LEXD_LIBS=
pkg_cv_LTTOOLBOX_CFLAGS=
pkg_cv_LTTOOLBOX_LIBS='-llttoolbox '
pkg_cv_REGTEST_CFLAGS=
pkg_cv_REGTEST_LIBS=

## ----------------- ##
## Output variables. ##
## ----------------- ##

ACLOCAL='${SHELL} '\''/home/lpark4/ling073-bzj/transducer-bzj/missing'\'' aclocal-1.16'
AMTAR='$${TAR-tar}'
AM_BACKSLASH='\'
AM_DEFAULT_V='$(AM_DEFAULT_VERBOSITY)'
AM_DEFAULT_VERBOSITY='1'
AM_V='$(V)'
APERTIUM_CFLAGS=''
APERTIUM_LIBS='-lapertium '
AUTOCONF='${SHELL} '\''/home/lpark4/ling073-bzj/transducer-bzj/missing'\'' autoconf'
AUTOHEADER='${SHELL} '\''/home/lpark4/ling073-bzj/transducer-bzj/missing'\'' autoheader'
AUTOMAKE='${SHELL} '\''/home/lpark4/ling073-bzj/transducer-bzj/missing'\'' automake-1.16'
AWK='gawk'
CG3_CFLAGS='-I/usr/include/ '
CG3_LIBS='-lcg3 '
CSCOPE='cscope'
CTAGS='ctags'
CYGPATH_W='echo'
DEFS='-DPACKAGE_NAME=\"Apertium\ Belize\ Kriol\ English\" -DPACKAGE_TARNAME=\"apertium-bzj\" -DPACKAGE_VERSION=\"0.1.0\" -DPACKAGE_STRING=\"Apertium\ Belize\ Kriol\ English\ 0.1.0\" -DPACKAGE_BUGREPORT=\"https://github.com/apertium/apertium-bzj/issues\" -DPACKAGE_URL=\"https://wiki.apertium.org/wiki/Apertium-bzj\" -DPACKAGE=\"apertium-bzj\" -DVERSION=\"0.1.0\"'
ECHO_C=''
ECHO_N='-n'
ECHO_T=''
ENABLE_LINTER_FALSE=''
ENABLE_LINTER_TRUE='#'
ENABLE_SPELLER_FALSE=''
ENABLE_SPELLER_TRUE='#'
ETAGS='etags'
HFSTOSPELL_CFLAGS=''
HFSTOSPELL_LIBS=''
HFST_CFLAGS='-I/usr/include/hfst/ '
HFST_LIBS='-lhfst '
INSTALL_DATA='${INSTALL} -m 644'
INSTALL_PROGRAM='${INSTALL}'
INSTALL_SCRIPT='${INSTALL}'
INSTALL_STRIP_PROGRAM='$(install_sh) -c -s'
LEXD_CFLAGS=''
LEXD_LIBS=''
LIBOBJS=''
LIBS=''
LTLIBOBJS=''
LTTOOLBOX_CFLAGS=''
LTTOOLBOX_LIBS='-llttoolbox '
MAKEINFO='${SHELL} '\''/home/lpark4/ling073-bzj/transducer-bzj/missing'\'' makeinfo'
MKDIR_P='/bin/mkdir -p'
PACKAGE='apertium-bzj'
PACKAGE_BUGREPORT='https://github.com/apertium/apertium-bzj/issues'
PACKAGE_NAME='Apertium Belize Kriol English'
PACKAGE_STRING='Apertium Belize Kriol English 0.1.0'
PACKAGE_TARNAME='apertium-bzj'
PACKAGE_URL='https://wiki.apertium.org/wiki/Apertium-bzj'
PACKAGE_VERSION='0.1.0'
PATH_SEPARATOR=':'
PKG_CONFIG='/bin/pkg-config'
PKG_CONFIG_LIBDIR=''
PKG_CONFIG_PATH=':/usr/local/share/pkgconfig:/usr/local/lib/pkgconfig'
REGTEST_CFLAGS=''
REGTEST_LIBS=''
SET_MAKE=''
SHELL='/bin/bash'
STRIP=''
VERSION='0.1.0'
am__isrc=''
am__leading_dot='.'
am__tar='$${TAR-tar} chof - "$$tardir"'
am__untar='$${TAR-tar} xf -'
bindir='${exec_prefix}/bin'
build_alias=''
datadir='${datarootdir}'
datarootdir='${prefix}/share'
docdir='${datarootdir}/doc/${PACKAGE_TARNAME}'
dvidir='${docdir}'
exec_prefix='${prefix}'
host_alias=''
htmldir='${docdir}'
includedir='${prefix}/include'
infodir='${datarootdir}/info'
install_sh='${SHELL} /home/lpark4/ling073-bzj/transducer-bzj/install-sh'
libdir='${exec_prefix}/lib'
libexecdir='${exec_prefix}/libexec'
localedir='${datarootdir}/locale'
localstatedir='${prefix}/var'
mandir='${datarootdir}/man'
mkdir_p='$(MKDIR_P)'
oldincludedir='/usr/include'
pdfdir='${docdir}'
prefix='/usr/local'
program_transform_name='s,x,x,'
psdir='${docdir}'
runstatedir='${localstatedir}/run'
sbindir='${exec_prefix}/sbin'
sharedstatedir='${prefix}/com'
sysconfdir='${prefix}/etc'
target_alias=''

## ------------------- ##
## File substitutions. ##
## ------------------- ##

ap_include='./ap_include.am'

## ----------- ##
## confdefs.h. ##
## ----------- ##

/* confdefs.h */
#define PACKAGE_NAME "Apertium Belize Kriol English"
#define PACKAGE_TARNAME "apertium-bzj"
#define PACKAGE_VERSION "0.1.0"
#define PACKAGE_STRING "Apertium Belize Kriol English 0.1.0"
#define PACKAGE_BUGREPORT "https://github.com/apertium/apertium-bzj/issues"
#define PACKAGE_URL "https://wiki.apertium.org/wiki/Apertium-bzj"
#define PACKAGE "apertium-bzj"
#define VERSION "0.1.0"

configure: exit 0
