bzj.longer.txt Tue May 6 11:50:08 AM EDT 2025	33/33	1	\|	37/33	~1.12121212121212121212
-h Tue May 6 11:51:39 AM EDT 2025	33/33	1	\|	37/33	~1.12121212121212121212
--help Tue May 6 11:51:50 AM EDT 2025	33/33	1	\|	37/33	~1.12121212121212121212
bzj.longer.txt Tue May 6 11:51:55 AM EDT 2025	33/33	1	\|	37/33	~1.12121212121212121212
bzj.longer.txt Tue May 6 11:57:35 AM EDT 2025	33/33	1	\|	37/33	~1.12121212121212121212
ling073-bzj-corpus Tue May 6 11:57:55 AM EDT 2025	33/33	1	\|	37/33	~1.12121212121212121212
bzj.corpus Tue May 6 11:58:16 AM EDT 2025	33/33	1	\|	37/33	~1.12121212121212121212
bzj.corpus Tue May 6 11:59:08 AM EDT 2025	224904/335004	~0.67134720779453379661	\|	398756/335004	~1.19030220534680182923
bzj.corpus Tue May 6 12:05:05 PM EDT 2025	181468/331035	~0.54818372679626021418
bzj.longer.txt Tue May 6 12:07:23 PM EDT 2025	119/121	~0.98347107438016528926
bzj.corpus Tue May 6 12:09:58 PM EDT 2025	224904/335004	~0.67134720779453379661	\|	398756/335004	~1.19030220534680182923
bzj.corpus Tue May 6 12:13:57 PM EDT 2025	230425/335004	~0.68782760802856085300	\|	398756/335004	~1.19030220534680182923
bzj.corpus Tue May 6 12:18:44 PM EDT 2025	241954/334659	~0.72298668196582192620	\|	398474/334659	~1.19068663923575938493
bzj.corpus Tue May 6 12:24:04 PM EDT 2025	250086/334276	~0.74814225370651796719	\|	398109/334276	~1.19095896803838744032
bzj.corpus Tue May 6 12:28:50 PM EDT 2025	255088/334161	~0.76336855587576048671	\|	398017/334161	~1.19109351480274478470
bzj.corpus Tue May 6 12:31:25 PM EDT 2025	258329/334110	~0.77318547783664062734	\|	397969/334110	~1.19113166322468648050
bzj.corpus Tue May 6 12:36:24 PM EDT 2025	262637/334046	~0.78623004017410775761	\|	397905/334046	~1.19116828221262939835
bzj.corpus Tue May 6 12:43:11 PM EDT 2025	268334/334022	~0.80334229481890414404	\|	397895/334022	~1.19122393135781475472
bzj.corpus Wed May 7 11:02:08 AM EDT 2025	268334/334022	~0.80334229481890414404	\|	397895/334022	~1.19122393135781475472
bzj.corpus Wed May 7 11:09:15 AM EDT 2025	273574/333935	~0.81924326590504140027	\|	398275/333935	~1.19267222663093116924
bzj.corpus Wed May 7 11:15:22 AM EDT 2025	277525/333791	~0.83143344188429286590	\|	398151/333791	~1.19281526464164701864
bzj.corpus Wed May 7 11:20:57 AM EDT 2025	280684/333721	~0.84107383113439070361	\|	398088/333721	~1.19287668441602416390
bzj.corpus Wed May 7 11:26:53 AM EDT 2025	282884/333602	~0.84796853735888873568	\|	397983/333602	~1.19298745211359644127
bzj.corpus Wed May 7 11:27:14 AM EDT 2025	283074/333601	~0.84854062188062985423	\|	397982/333601	~1.19298803061141903052
bzj.corpus Wed May 7 11:27:48 AM EDT 2025	283251/333601	~0.84907119582974871178	\|	397982/333601	~1.19298803061141903052
bzj.corpus Wed May 7 11:28:07 AM EDT 2025	283469/333580	~0.84977816415852269321	\|	397961/333580	~1.19300017986689849511
bzj.corpus Wed May 7 11:28:24 AM EDT 2025	283626/333580	~0.85024881587625157384	\|	397961/333580	~1.19300017986689849511
bzj.corpus Wed May 7 01:02:34 PM EDT 2025	283634/333576	~0.85028299398038228170	\|	395182/333576	~1.18468355037532676212
